<?xml version="1.0" encoding="UTF-8"?>
<!-- Generated by org.testng.reporters.JUnitReportReporter -->
<testsuite skipped="0" hostname="MARMO-SOLUTIONS" name="LoginPage_Test.LoginTest" tests="1" failures="0" timestamp="05 Sep 2020 06:41:30 GMT" time="22.871" errors="0">
  <testcase name="forgetPassword" time="22.871" classname="LoginPage_Test.LoginTest"/>
</testsuite> <!-- LoginPage_Test.LoginTest -->
